<?xml version="1.0" encoding="UTF-8"?>
<testng-results ignored="0" total="1" passed="1" failed="0" skipped="0">
  <reporter-output>
  </reporter-output>
  <suite started-at="2020-08-25T18:10:58 IST" name="Default suite" finished-at="2020-08-25T18:11:09 IST" duration-ms="10368">
    <groups>
    </groups>
    <test started-at="2020-08-25T18:10:58 IST" name="Default test" finished-at="2020-08-25T18:11:09 IST" duration-ms="10368">
      <class name="com.extentreport.ExtentReport">
        <test-method is-config="true" signature="config()[pri:0, instance:com.extentreport.ExtentReport@309e345f]" started-at="2020-08-25T18:10:58 IST" name="config" finished-at="2020-08-25T18:10:59 IST" duration-ms="214" status="PASS">
          <reporter-output>
          </reporter-output>
        </test-method> <!-- config -->
        <test-method signature="initialConfig()[pri:0, instance:com.extentreport.ExtentReport@309e345f]" started-at="2020-08-25T18:10:59 IST" name="initialConfig" finished-at="2020-08-25T18:11:09 IST" duration-ms="10118" status="PASS">
          <reporter-output>
          </reporter-output>
        </test-method> <!-- initialConfig -->
      </class> <!-- com.extentreport.ExtentReport -->
    </test> <!-- Default test -->
  </suite> <!-- Default suite -->
</testng-results>
